0    DEBUG [2019-02-25 21:41:11]  Request:
1    DEBUG [2019-02-25 21:41:11]  POSThttps://api.weibo.com/oauth2/access_token
498  DEBUG [2019-02-25 21:41:12]  Response:
498  DEBUG [2019-02-25 21:41:12]  https StatusCode:200
498  DEBUG [2019-02-25 21:41:12]  Server:nginx/1.6.1
499  DEBUG [2019-02-25 21:41:12]  Date:Mon, 25 Feb 2019 13:41:13 GMT
499  DEBUG [2019-02-25 21:41:12]  Content-Type:application/json;charset=UTF-8
499  DEBUG [2019-02-25 21:41:12]  Content-Length:137
499  DEBUG [2019-02-25 21:41:12]  Connection:keep-alive
499  DEBUG [2019-02-25 21:41:12]  Pragma:No-cache
499  DEBUG [2019-02-25 21:41:12]  Cache-Control:no-cache
499  DEBUG [2019-02-25 21:41:12]  Expires:Thu, 01 Jan 1970 00:00:00 GMT
502  DEBUG [2019-02-25 21:41:12]  {"access_token":"2.00eW2yKGOppxkD155f9e33adrJhDjC","remind_in":"157679999","expires_in":157679999,"uid":"5658942780","isRealName":"true"}

511  DEBUG [2019-02-25 21:41:12]  Request:
511  DEBUG [2019-02-25 21:41:12]  GET:https://api.weibo.com/2/users/show.json
515  DEBUG [2019-02-25 21:41:12]  Authorization: OAuth2 5658942780
515  DEBUG [2019-02-25 21:41:12]  API-RemoteIP: 192.168.1.106
529  DEBUG [2019-02-25 21:41:12]  Response:
530  DEBUG [2019-02-25 21:41:12]  https StatusCode:400
530  DEBUG [2019-02-25 21:41:12]  Server:nginx/1.6.1
530  DEBUG [2019-02-25 21:41:12]  Date:Mon, 25 Feb 2019 13:41:13 GMT
530  DEBUG [2019-02-25 21:41:12]  Content-Type:application/json;charset=UTF-8
530  DEBUG [2019-02-25 21:41:12]  Transfer-Encoding:chunked
530  DEBUG [2019-02-25 21:41:12]  Connection:keep-alive
530  DEBUG [2019-02-25 21:41:12]  Vary:Accept-Encoding
530  WARN  [2019-02-25 21:41:12]  Going to buffer response body of large or unknown size. Using getResponseBodyAsStream instead is recommended.
531  DEBUG [2019-02-25 21:41:12]  {"error":"source paramter(appkey) is missing","error_code":10006,"request":"/2/users/show.json"}

36763 DEBUG [2019-02-25 21:41:48]  Request:
36766 DEBUG [2019-02-25 21:41:48]  POSThttps://api.weibo.com/oauth2/access_token
36819 DEBUG [2019-02-25 21:41:48]  Response:
36819 DEBUG [2019-02-25 21:41:48]  https StatusCode:400
36819 DEBUG [2019-02-25 21:41:48]  Server:nginx/1.6.1
36819 DEBUG [2019-02-25 21:41:48]  Date:Mon, 25 Feb 2019 13:41:49 GMT
36819 DEBUG [2019-02-25 21:41:48]  Transfer-Encoding:chunked
36819 DEBUG [2019-02-25 21:41:48]  Connection:keep-alive
36819 DEBUG [2019-02-25 21:41:48]  Pragma:No-cache
36819 DEBUG [2019-02-25 21:41:48]  Cache-Control:no-cache
36819 DEBUG [2019-02-25 21:41:48]  Expires:Thu, 01 Jan 1970 00:00:00 GMT
36819 WARN  [2019-02-25 21:41:48]  Going to buffer response body of large or unknown size. Using getResponseBodyAsStream instead is recommended.
36820 DEBUG [2019-02-25 21:41:48]  {"error":"invalid_grant","error_code":21325,"request":"/oauth2/access_token","error_uri":"/oauth2/access_token","error_description":"invalid authorization code:f40ad106dd1ddf10739f647d04e970ea"}

37216 DEBUG [2019-02-25 21:41:48]  Request:
37216 DEBUG [2019-02-25 21:41:48]  POSThttps://api.weibo.com/oauth2/access_token
37234 DEBUG [2019-02-25 21:41:48]  Response:
37234 DEBUG [2019-02-25 21:41:48]  https StatusCode:400
37235 DEBUG [2019-02-25 21:41:48]  Server:nginx/1.6.1
37235 DEBUG [2019-02-25 21:41:48]  Date:Mon, 25 Feb 2019 13:41:50 GMT
37235 DEBUG [2019-02-25 21:41:48]  Transfer-Encoding:chunked
37235 DEBUG [2019-02-25 21:41:48]  Connection:keep-alive
37235 DEBUG [2019-02-25 21:41:48]  Pragma:No-cache
37235 DEBUG [2019-02-25 21:41:48]  Cache-Control:no-cache
37235 DEBUG [2019-02-25 21:41:48]  Expires:Thu, 01 Jan 1970 00:00:00 GMT
37235 WARN  [2019-02-25 21:41:48]  Going to buffer response body of large or unknown size. Using getResponseBodyAsStream instead is recommended.
37235 DEBUG [2019-02-25 21:41:48]  {"error":"invalid_grant","error_code":21325,"request":"/oauth2/access_token","error_uri":"/oauth2/access_token","error_description":"invalid authorization code:f40ad106dd1ddf10739f647d04e970ea"}

37522 DEBUG [2019-02-25 21:41:49]  Request:
37522 DEBUG [2019-02-25 21:41:49]  POSThttps://api.weibo.com/oauth2/access_token
37541 DEBUG [2019-02-25 21:41:49]  Response:
37542 DEBUG [2019-02-25 21:41:49]  https StatusCode:400
37542 DEBUG [2019-02-25 21:41:49]  Server:nginx/1.6.1
37542 DEBUG [2019-02-25 21:41:49]  Date:Mon, 25 Feb 2019 13:41:50 GMT
37542 DEBUG [2019-02-25 21:41:49]  Transfer-Encoding:chunked
37542 DEBUG [2019-02-25 21:41:49]  Connection:keep-alive
37542 DEBUG [2019-02-25 21:41:49]  Pragma:No-cache
37542 DEBUG [2019-02-25 21:41:49]  Cache-Control:no-cache
37542 DEBUG [2019-02-25 21:41:49]  Expires:Thu, 01 Jan 1970 00:00:00 GMT
37542 WARN  [2019-02-25 21:41:49]  Going to buffer response body of large or unknown size. Using getResponseBodyAsStream instead is recommended.
37542 DEBUG [2019-02-25 21:41:49]  {"error":"invalid_grant","error_code":21325,"request":"/oauth2/access_token","error_uri":"/oauth2/access_token","error_description":"invalid authorization code:f40ad106dd1ddf10739f647d04e970ea"}

37787 DEBUG [2019-02-25 21:41:49]  Request:
37787 DEBUG [2019-02-25 21:41:49]  POSThttps://api.weibo.com/oauth2/access_token
37812 DEBUG [2019-02-25 21:41:49]  Response:
37812 DEBUG [2019-02-25 21:41:49]  https StatusCode:400
37812 DEBUG [2019-02-25 21:41:49]  Server:nginx/1.6.1
37812 DEBUG [2019-02-25 21:41:49]  Date:Mon, 25 Feb 2019 13:41:50 GMT
37812 DEBUG [2019-02-25 21:41:49]  Transfer-Encoding:chunked
37812 DEBUG [2019-02-25 21:41:49]  Connection:keep-alive
37812 DEBUG [2019-02-25 21:41:49]  Pragma:No-cache
37812 DEBUG [2019-02-25 21:41:49]  Cache-Control:no-cache
37812 DEBUG [2019-02-25 21:41:49]  Expires:Thu, 01 Jan 1970 00:00:00 GMT
37812 WARN  [2019-02-25 21:41:49]  Going to buffer response body of large or unknown size. Using getResponseBodyAsStream instead is recommended.
37813 DEBUG [2019-02-25 21:41:49]  {"error":"invalid_grant","error_code":21325,"request":"/oauth2/access_token","error_uri":"/oauth2/access_token","error_description":"invalid authorization code:f40ad106dd1ddf10739f647d04e970ea"}

37955 DEBUG [2019-02-25 21:41:49]  Request:
37955 DEBUG [2019-02-25 21:41:49]  POSThttps://api.weibo.com/oauth2/access_token
37971 DEBUG [2019-02-25 21:41:49]  Response:
37971 DEBUG [2019-02-25 21:41:49]  https StatusCode:400
37971 DEBUG [2019-02-25 21:41:49]  Server:nginx/1.6.1
37972 DEBUG [2019-02-25 21:41:49]  Date:Mon, 25 Feb 2019 13:41:50 GMT
37972 DEBUG [2019-02-25 21:41:49]  Transfer-Encoding:chunked
37972 DEBUG [2019-02-25 21:41:49]  Connection:keep-alive
37972 DEBUG [2019-02-25 21:41:49]  Pragma:No-cache
37972 DEBUG [2019-02-25 21:41:49]  Cache-Control:no-cache
37972 DEBUG [2019-02-25 21:41:49]  Expires:Thu, 01 Jan 1970 00:00:00 GMT
37972 WARN  [2019-02-25 21:41:49]  Going to buffer response body of large or unknown size. Using getResponseBodyAsStream instead is recommended.
37972 DEBUG [2019-02-25 21:41:49]  {"error":"invalid_grant","error_code":21325,"request":"/oauth2/access_token","error_uri":"/oauth2/access_token","error_description":"invalid authorization code:f40ad106dd1ddf10739f647d04e970ea"}

42361 DEBUG [2019-02-25 21:41:54]  Request:
42361 DEBUG [2019-02-25 21:41:54]  POSThttps://api.weibo.com/oauth2/access_token
42380 DEBUG [2019-02-25 21:41:54]  Response:
42381 DEBUG [2019-02-25 21:41:54]  https StatusCode:400
42381 DEBUG [2019-02-25 21:41:54]  Server:nginx/1.6.1
42381 DEBUG [2019-02-25 21:41:54]  Date:Mon, 25 Feb 2019 13:41:55 GMT
42381 DEBUG [2019-02-25 21:41:54]  Transfer-Encoding:chunked
42381 DEBUG [2019-02-25 21:41:54]  Connection:keep-alive
42381 DEBUG [2019-02-25 21:41:54]  Pragma:No-cache
42381 DEBUG [2019-02-25 21:41:54]  Cache-Control:no-cache
42381 DEBUG [2019-02-25 21:41:54]  Expires:Thu, 01 Jan 1970 00:00:00 GMT
42381 WARN  [2019-02-25 21:41:54]  Going to buffer response body of large or unknown size. Using getResponseBodyAsStream instead is recommended.
42381 DEBUG [2019-02-25 21:41:54]  {"error":"invalid_grant","error_code":21325,"request":"/oauth2/access_token","error_uri":"/oauth2/access_token","error_description":"invalid authorization code:f40ad106dd1ddf10739f647d04e970ea"}

0    DEBUG [2019-02-25 21:42:34]  Request:
0    DEBUG [2019-02-25 21:42:34]  POSThttps://api.weibo.com/oauth2/access_token
77   DEBUG [2019-02-25 21:42:34]  Response:
77   DEBUG [2019-02-25 21:42:34]  https StatusCode:400
77   DEBUG [2019-02-25 21:42:34]  Server:nginx/1.6.1
77   DEBUG [2019-02-25 21:42:34]  Date:Mon, 25 Feb 2019 13:42:35 GMT
77   DEBUG [2019-02-25 21:42:34]  Transfer-Encoding:chunked
77   DEBUG [2019-02-25 21:42:34]  Connection:keep-alive
77   DEBUG [2019-02-25 21:42:34]  Pragma:No-cache
77   DEBUG [2019-02-25 21:42:34]  Cache-Control:no-cache
77   DEBUG [2019-02-25 21:42:34]  Expires:Thu, 01 Jan 1970 00:00:00 GMT
79   WARN  [2019-02-25 21:42:34]  Going to buffer response body of large or unknown size. Using getResponseBodyAsStream instead is recommended.
80   DEBUG [2019-02-25 21:42:34]  {"error":"invalid_grant","error_code":21325,"request":"/oauth2/access_token","error_uri":"/oauth2/access_token","error_description":"invalid authorization code:f40ad106dd1ddf10739f647d04e970ea"}

0    DEBUG [2019-02-25 21:43:51]  Request:
0    DEBUG [2019-02-25 21:43:51]  POSThttps://api.weibo.com/oauth2/access_token
138  DEBUG [2019-02-25 21:43:51]  Response:
138  DEBUG [2019-02-25 21:43:51]  https StatusCode:400
138  DEBUG [2019-02-25 21:43:51]  Server:nginx/1.6.1
138  DEBUG [2019-02-25 21:43:51]  Date:Mon, 25 Feb 2019 13:43:52 GMT
138  DEBUG [2019-02-25 21:43:51]  Transfer-Encoding:chunked
138  DEBUG [2019-02-25 21:43:51]  Connection:keep-alive
138  DEBUG [2019-02-25 21:43:51]  Pragma:No-cache
138  DEBUG [2019-02-25 21:43:51]  Cache-Control:no-cache
138  DEBUG [2019-02-25 21:43:51]  Expires:Thu, 01 Jan 1970 00:00:00 GMT
140  WARN  [2019-02-25 21:43:51]  Going to buffer response body of large or unknown size. Using getResponseBodyAsStream instead is recommended.
141  DEBUG [2019-02-25 21:43:51]  {"error":"invalid_grant","error_code":21325,"request":"/oauth2/access_token","error_uri":"/oauth2/access_token","error_description":"invalid authorization code:f40ad106dd1ddf10739f647d04e970ea"}

985  DEBUG [2019-02-25 21:43:52]  Request:
985  DEBUG [2019-02-25 21:43:52]  POSThttps://api.weibo.com/oauth2/access_token
1015 DEBUG [2019-02-25 21:43:52]  Response:
1015 DEBUG [2019-02-25 21:43:52]  https StatusCode:400
1016 DEBUG [2019-02-25 21:43:52]  Server:nginx/1.6.1
1016 DEBUG [2019-02-25 21:43:52]  Date:Mon, 25 Feb 2019 13:43:53 GMT
1016 DEBUG [2019-02-25 21:43:52]  Transfer-Encoding:chunked
1016 DEBUG [2019-02-25 21:43:52]  Connection:keep-alive
1016 DEBUG [2019-02-25 21:43:52]  Pragma:No-cache
1016 DEBUG [2019-02-25 21:43:52]  Cache-Control:no-cache
1016 DEBUG [2019-02-25 21:43:52]  Expires:Thu, 01 Jan 1970 00:00:00 GMT
1016 WARN  [2019-02-25 21:43:52]  Going to buffer response body of large or unknown size. Using getResponseBodyAsStream instead is recommended.
1016 DEBUG [2019-02-25 21:43:52]  {"error":"invalid_grant","error_code":21325,"request":"/oauth2/access_token","error_uri":"/oauth2/access_token","error_description":"invalid authorization code:f40ad106dd1ddf10739f647d04e970ea"}

1393 DEBUG [2019-02-25 21:43:52]  Request:
1393 DEBUG [2019-02-25 21:43:52]  POSThttps://api.weibo.com/oauth2/access_token
1413 DEBUG [2019-02-25 21:43:52]  Response:
1413 DEBUG [2019-02-25 21:43:52]  https StatusCode:400
1413 DEBUG [2019-02-25 21:43:52]  Server:nginx/1.6.1
1413 DEBUG [2019-02-25 21:43:52]  Date:Mon, 25 Feb 2019 13:43:54 GMT
1413 DEBUG [2019-02-25 21:43:52]  Transfer-Encoding:chunked
1413 DEBUG [2019-02-25 21:43:52]  Connection:keep-alive
1413 DEBUG [2019-02-25 21:43:52]  Pragma:No-cache
1413 DEBUG [2019-02-25 21:43:52]  Cache-Control:no-cache
1413 DEBUG [2019-02-25 21:43:52]  Expires:Thu, 01 Jan 1970 00:00:00 GMT
1413 WARN  [2019-02-25 21:43:52]  Going to buffer response body of large or unknown size. Using getResponseBodyAsStream instead is recommended.
1413 DEBUG [2019-02-25 21:43:52]  {"error":"invalid_grant","error_code":21325,"request":"/oauth2/access_token","error_uri":"/oauth2/access_token","error_description":"invalid authorization code:f40ad106dd1ddf10739f647d04e970ea"}

1944 DEBUG [2019-02-25 21:43:53]  Request:
1944 DEBUG [2019-02-25 21:43:53]  POSThttps://api.weibo.com/oauth2/access_token
1965 DEBUG [2019-02-25 21:43:53]  Response:
1965 DEBUG [2019-02-25 21:43:53]  https StatusCode:400
1966 DEBUG [2019-02-25 21:43:53]  Server:nginx/1.6.1
1966 DEBUG [2019-02-25 21:43:53]  Date:Mon, 25 Feb 2019 13:43:54 GMT
1966 DEBUG [2019-02-25 21:43:53]  Transfer-Encoding:chunked
1966 DEBUG [2019-02-25 21:43:53]  Connection:keep-alive
1966 DEBUG [2019-02-25 21:43:53]  Pragma:No-cache
1966 DEBUG [2019-02-25 21:43:53]  Cache-Control:no-cache
1966 DEBUG [2019-02-25 21:43:53]  Expires:Thu, 01 Jan 1970 00:00:00 GMT
1966 WARN  [2019-02-25 21:43:53]  Going to buffer response body of large or unknown size. Using getResponseBodyAsStream instead is recommended.
1966 DEBUG [2019-02-25 21:43:53]  {"error":"invalid_grant","error_code":21325,"request":"/oauth2/access_token","error_uri":"/oauth2/access_token","error_description":"invalid authorization code:f40ad106dd1ddf10739f647d04e970ea"}

2137 DEBUG [2019-02-25 21:43:53]  Request:
2137 DEBUG [2019-02-25 21:43:53]  POSThttps://api.weibo.com/oauth2/access_token
2156 DEBUG [2019-02-25 21:43:53]  Response:
2156 DEBUG [2019-02-25 21:43:53]  https StatusCode:400
2156 DEBUG [2019-02-25 21:43:53]  Server:nginx/1.6.1
2156 DEBUG [2019-02-25 21:43:53]  Date:Mon, 25 Feb 2019 13:43:54 GMT
2156 DEBUG [2019-02-25 21:43:53]  Transfer-Encoding:chunked
2156 DEBUG [2019-02-25 21:43:53]  Connection:keep-alive
2156 DEBUG [2019-02-25 21:43:53]  Pragma:No-cache
2157 DEBUG [2019-02-25 21:43:53]  Cache-Control:no-cache
2157 DEBUG [2019-02-25 21:43:53]  Expires:Thu, 01 Jan 1970 00:00:00 GMT
2157 WARN  [2019-02-25 21:43:53]  Going to buffer response body of large or unknown size. Using getResponseBodyAsStream instead is recommended.
2157 DEBUG [2019-02-25 21:43:53]  {"error":"invalid_grant","error_code":21325,"request":"/oauth2/access_token","error_uri":"/oauth2/access_token","error_description":"invalid authorization code:f40ad106dd1ddf10739f647d04e970ea"}

2352 DEBUG [2019-02-25 21:43:53]  Request:
2352 DEBUG [2019-02-25 21:43:53]  POSThttps://api.weibo.com/oauth2/access_token
2369 DEBUG [2019-02-25 21:43:53]  Response:
2370 DEBUG [2019-02-25 21:43:53]  https StatusCode:400
2370 DEBUG [2019-02-25 21:43:53]  Server:nginx/1.6.1
2370 DEBUG [2019-02-25 21:43:53]  Date:Mon, 25 Feb 2019 13:43:55 GMT
2370 DEBUG [2019-02-25 21:43:53]  Transfer-Encoding:chunked
2370 DEBUG [2019-02-25 21:43:53]  Connection:keep-alive
2370 DEBUG [2019-02-25 21:43:53]  Pragma:No-cache
2370 DEBUG [2019-02-25 21:43:53]  Cache-Control:no-cache
2370 DEBUG [2019-02-25 21:43:53]  Expires:Thu, 01 Jan 1970 00:00:00 GMT
2370 WARN  [2019-02-25 21:43:53]  Going to buffer response body of large or unknown size. Using getResponseBodyAsStream instead is recommended.
2370 DEBUG [2019-02-25 21:43:53]  {"error":"invalid_grant","error_code":21325,"request":"/oauth2/access_token","error_uri":"/oauth2/access_token","error_description":"invalid authorization code:f40ad106dd1ddf10739f647d04e970ea"}

2544 DEBUG [2019-02-25 21:43:54]  Request:
2544 DEBUG [2019-02-25 21:43:54]  POSThttps://api.weibo.com/oauth2/access_token
2573 DEBUG [2019-02-25 21:43:54]  Response:
2573 DEBUG [2019-02-25 21:43:54]  https StatusCode:400
2573 DEBUG [2019-02-25 21:43:54]  Server:nginx/1.6.1
2573 DEBUG [2019-02-25 21:43:54]  Date:Mon, 25 Feb 2019 13:43:55 GMT
2573 DEBUG [2019-02-25 21:43:54]  Transfer-Encoding:chunked
2573 DEBUG [2019-02-25 21:43:54]  Connection:keep-alive
2573 DEBUG [2019-02-25 21:43:54]  Pragma:No-cache
2573 DEBUG [2019-02-25 21:43:54]  Cache-Control:no-cache
2573 DEBUG [2019-02-25 21:43:54]  Expires:Thu, 01 Jan 1970 00:00:00 GMT
2574 WARN  [2019-02-25 21:43:54]  Going to buffer response body of large or unknown size. Using getResponseBodyAsStream instead is recommended.
2574 DEBUG [2019-02-25 21:43:54]  {"error":"invalid_grant","error_code":21325,"request":"/oauth2/access_token","error_uri":"/oauth2/access_token","error_description":"invalid authorization code:f40ad106dd1ddf10739f647d04e970ea"}

2727 DEBUG [2019-02-25 21:43:54]  Request:
2727 DEBUG [2019-02-25 21:43:54]  POSThttps://api.weibo.com/oauth2/access_token
2744 DEBUG [2019-02-25 21:43:54]  Response:
2744 DEBUG [2019-02-25 21:43:54]  https StatusCode:400
2744 DEBUG [2019-02-25 21:43:54]  Server:nginx/1.6.1
2744 DEBUG [2019-02-25 21:43:54]  Date:Mon, 25 Feb 2019 13:43:55 GMT
2744 DEBUG [2019-02-25 21:43:54]  Transfer-Encoding:chunked
2744 DEBUG [2019-02-25 21:43:54]  Connection:keep-alive
2744 DEBUG [2019-02-25 21:43:54]  Pragma:No-cache
2744 DEBUG [2019-02-25 21:43:54]  Cache-Control:no-cache
2744 DEBUG [2019-02-25 21:43:54]  Expires:Thu, 01 Jan 1970 00:00:00 GMT
2744 WARN  [2019-02-25 21:43:54]  Going to buffer response body of large or unknown size. Using getResponseBodyAsStream instead is recommended.
2744 DEBUG [2019-02-25 21:43:54]  {"error":"invalid_grant","error_code":21325,"request":"/oauth2/access_token","error_uri":"/oauth2/access_token","error_description":"invalid authorization code:f40ad106dd1ddf10739f647d04e970ea"}

2911 DEBUG [2019-02-25 21:43:54]  Request:
2911 DEBUG [2019-02-25 21:43:54]  POSThttps://api.weibo.com/oauth2/access_token
2928 DEBUG [2019-02-25 21:43:54]  Response:
2929 DEBUG [2019-02-25 21:43:54]  https StatusCode:400
2929 DEBUG [2019-02-25 21:43:54]  Server:nginx/1.6.1
2929 DEBUG [2019-02-25 21:43:54]  Date:Mon, 25 Feb 2019 13:43:55 GMT
2929 DEBUG [2019-02-25 21:43:54]  Transfer-Encoding:chunked
2929 DEBUG [2019-02-25 21:43:54]  Connection:keep-alive
2929 DEBUG [2019-02-25 21:43:54]  Pragma:No-cache
2929 DEBUG [2019-02-25 21:43:54]  Cache-Control:no-cache
2929 DEBUG [2019-02-25 21:43:54]  Expires:Thu, 01 Jan 1970 00:00:00 GMT
2929 WARN  [2019-02-25 21:43:54]  Going to buffer response body of large or unknown size. Using getResponseBodyAsStream instead is recommended.
2929 DEBUG [2019-02-25 21:43:54]  {"error":"invalid_grant","error_code":21325,"request":"/oauth2/access_token","error_uri":"/oauth2/access_token","error_description":"invalid authorization code:f40ad106dd1ddf10739f647d04e970ea"}

4119 DEBUG [2019-02-25 21:43:55]  Request:
4120 DEBUG [2019-02-25 21:43:55]  POSThttps://api.weibo.com/oauth2/access_token
4138 DEBUG [2019-02-25 21:43:55]  Response:
4138 DEBUG [2019-02-25 21:43:55]  https StatusCode:400
4138 DEBUG [2019-02-25 21:43:55]  Server:nginx/1.6.1
4138 DEBUG [2019-02-25 21:43:55]  Date:Mon, 25 Feb 2019 13:43:56 GMT
4138 DEBUG [2019-02-25 21:43:55]  Transfer-Encoding:chunked
4138 DEBUG [2019-02-25 21:43:55]  Connection:keep-alive
4138 DEBUG [2019-02-25 21:43:55]  Pragma:No-cache
4138 DEBUG [2019-02-25 21:43:55]  Cache-Control:no-cache
4138 DEBUG [2019-02-25 21:43:55]  Expires:Thu, 01 Jan 1970 00:00:00 GMT
4138 WARN  [2019-02-25 21:43:55]  Going to buffer response body of large or unknown size. Using getResponseBodyAsStream instead is recommended.
4138 DEBUG [2019-02-25 21:43:55]  {"error":"invalid_grant","error_code":21325,"request":"/oauth2/access_token","error_uri":"/oauth2/access_token","error_description":"invalid authorization code:f40ad106dd1ddf10739f647d04e970ea"}

28439 DEBUG [2019-02-25 21:44:19]  Request:
28439 DEBUG [2019-02-25 21:44:19]  POSThttps://api.weibo.com/oauth2/access_token
28457 DEBUG [2019-02-25 21:44:19]  Response:
28457 DEBUG [2019-02-25 21:44:19]  https StatusCode:400
28457 DEBUG [2019-02-25 21:44:19]  Server:nginx/1.6.1
28457 DEBUG [2019-02-25 21:44:19]  Date:Mon, 25 Feb 2019 13:44:21 GMT
28457 DEBUG [2019-02-25 21:44:19]  Transfer-Encoding:chunked
28457 DEBUG [2019-02-25 21:44:19]  Connection:keep-alive
28457 DEBUG [2019-02-25 21:44:19]  Pragma:No-cache
28457 DEBUG [2019-02-25 21:44:19]  Cache-Control:no-cache
28457 DEBUG [2019-02-25 21:44:19]  Expires:Thu, 01 Jan 1970 00:00:00 GMT
28457 WARN  [2019-02-25 21:44:19]  Going to buffer response body of large or unknown size. Using getResponseBodyAsStream instead is recommended.
28458 DEBUG [2019-02-25 21:44:19]  {"error":"invalid_grant","error_code":21325,"request":"/oauth2/access_token","error_uri":"/oauth2/access_token","error_description":"invalid authorization code:f40ad106dd1ddf10739f647d04e970ea"}

29048 DEBUG [2019-02-25 21:44:20]  Request:
29048 DEBUG [2019-02-25 21:44:20]  POSThttps://api.weibo.com/oauth2/access_token
29076 DEBUG [2019-02-25 21:44:20]  Response:
29076 DEBUG [2019-02-25 21:44:20]  https StatusCode:400
29076 DEBUG [2019-02-25 21:44:20]  Server:nginx/1.6.1
29076 DEBUG [2019-02-25 21:44:20]  Date:Mon, 25 Feb 2019 13:44:21 GMT
29076 DEBUG [2019-02-25 21:44:20]  Transfer-Encoding:chunked
29076 DEBUG [2019-02-25 21:44:20]  Connection:keep-alive
29076 DEBUG [2019-02-25 21:44:20]  Pragma:No-cache
29076 DEBUG [2019-02-25 21:44:20]  Cache-Control:no-cache
29077 DEBUG [2019-02-25 21:44:20]  Expires:Thu, 01 Jan 1970 00:00:00 GMT
29077 WARN  [2019-02-25 21:44:20]  Going to buffer response body of large or unknown size. Using getResponseBodyAsStream instead is recommended.
29077 DEBUG [2019-02-25 21:44:20]  {"error":"invalid_grant","error_code":21325,"request":"/oauth2/access_token","error_uri":"/oauth2/access_token","error_description":"invalid authorization code:f40ad106dd1ddf10739f647d04e970ea"}

45465 DEBUG [2019-02-25 21:44:36]  Request:
45465 DEBUG [2019-02-25 21:44:36]  POSThttps://api.weibo.com/oauth2/access_token
45487 DEBUG [2019-02-25 21:44:37]  Response:
45487 DEBUG [2019-02-25 21:44:37]  https StatusCode:400
45487 DEBUG [2019-02-25 21:44:37]  Server:nginx/1.6.1
45487 DEBUG [2019-02-25 21:44:37]  Date:Mon, 25 Feb 2019 13:44:38 GMT
45487 DEBUG [2019-02-25 21:44:37]  Transfer-Encoding:chunked
45487 DEBUG [2019-02-25 21:44:37]  Connection:keep-alive
45487 DEBUG [2019-02-25 21:44:37]  Pragma:No-cache
45487 DEBUG [2019-02-25 21:44:37]  Cache-Control:no-cache
45487 DEBUG [2019-02-25 21:44:37]  Expires:Thu, 01 Jan 1970 00:00:00 GMT
45487 WARN  [2019-02-25 21:44:37]  Going to buffer response body of large or unknown size. Using getResponseBodyAsStream instead is recommended.
45487 DEBUG [2019-02-25 21:44:37]  {"error":"invalid_grant","error_code":21325,"request":"/oauth2/access_token","error_uri":"/oauth2/access_token","error_description":"invalid authorization code:f40ad106dd1ddf10739f647d04e970ea"}

0    DEBUG [2019-02-25 21:46:09]  Request:
0    DEBUG [2019-02-25 21:46:09]  POSThttps://api.weibo.com/oauth2/access_token
83   DEBUG [2019-02-25 21:46:10]  Response:
84   DEBUG [2019-02-25 21:46:10]  https StatusCode:400
84   DEBUG [2019-02-25 21:46:10]  Server:nginx/1.6.1
84   DEBUG [2019-02-25 21:46:10]  Date:Mon, 25 Feb 2019 13:46:11 GMT
84   DEBUG [2019-02-25 21:46:10]  Transfer-Encoding:chunked
84   DEBUG [2019-02-25 21:46:10]  Connection:keep-alive
84   DEBUG [2019-02-25 21:46:10]  Pragma:No-cache
84   DEBUG [2019-02-25 21:46:10]  Cache-Control:no-cache
84   DEBUG [2019-02-25 21:46:10]  Expires:Thu, 01 Jan 1970 00:00:00 GMT
85   WARN  [2019-02-25 21:46:10]  Going to buffer response body of large or unknown size. Using getResponseBodyAsStream instead is recommended.
86   DEBUG [2019-02-25 21:46:10]  {"error":"invalid_grant","error_code":21325,"request":"/oauth2/access_token","error_uri":"/oauth2/access_token","error_description":"invalid authorization code:f40ad106dd1ddf10739f647d04e970ea"}

34599 DEBUG [2019-02-25 21:46:44]  Request:
34600 DEBUG [2019-02-25 21:46:44]  POSThttps://api.weibo.com/oauth2/access_token
34713 DEBUG [2019-02-25 21:46:44]  Response:
34713 DEBUG [2019-02-25 21:46:44]  https StatusCode:200
34713 DEBUG [2019-02-25 21:46:44]  Server:nginx/1.6.1
34713 DEBUG [2019-02-25 21:46:44]  Date:Mon, 25 Feb 2019 13:46:45 GMT
34713 DEBUG [2019-02-25 21:46:44]  Content-Type:application/json;charset=UTF-8
34713 DEBUG [2019-02-25 21:46:44]  Content-Length:137
34713 DEBUG [2019-02-25 21:46:44]  Connection:keep-alive
34713 DEBUG [2019-02-25 21:46:44]  Pragma:No-cache
34714 DEBUG [2019-02-25 21:46:44]  Cache-Control:no-cache
34714 DEBUG [2019-02-25 21:46:44]  Expires:Thu, 01 Jan 1970 00:00:00 GMT
34714 DEBUG [2019-02-25 21:46:44]  {"access_token":"2.00eW2yKGOppxkD155f9e33adrJhDjC","remind_in":"157679999","expires_in":157679999,"uid":"5658942780","isRealName":"true"}

34715 DEBUG [2019-02-25 21:46:44]  Request:
34715 DEBUG [2019-02-25 21:46:44]  GET:https://api.weibo.com/2/users/show.json
34718 DEBUG [2019-02-25 21:46:44]  Authorization: OAuth2 5658942780
34718 DEBUG [2019-02-25 21:46:44]  API-RemoteIP: 192.168.1.106
34733 DEBUG [2019-02-25 21:46:44]  Response:
34733 DEBUG [2019-02-25 21:46:44]  https StatusCode:400
34733 DEBUG [2019-02-25 21:46:44]  Server:nginx/1.6.1
34733 DEBUG [2019-02-25 21:46:44]  Date:Mon, 25 Feb 2019 13:46:45 GMT
34733 DEBUG [2019-02-25 21:46:44]  Content-Type:application/json;charset=UTF-8
34733 DEBUG [2019-02-25 21:46:44]  Transfer-Encoding:chunked
34733 DEBUG [2019-02-25 21:46:44]  Connection:keep-alive
34733 DEBUG [2019-02-25 21:46:44]  Vary:Accept-Encoding
34733 WARN  [2019-02-25 21:46:44]  Going to buffer response body of large or unknown size. Using getResponseBodyAsStream instead is recommended.
34734 DEBUG [2019-02-25 21:46:44]  {"error":"source paramter(appkey) is missing","error_code":10006,"request":"/2/users/show.json"}

0    DEBUG [2019-02-25 21:49:06]  Request:
1    DEBUG [2019-02-25 21:49:06]  POSThttps://api.weibo.com/oauth2/access_token
88   DEBUG [2019-02-25 21:49:06]  Response:
88   DEBUG [2019-02-25 21:49:06]  https StatusCode:400
89   DEBUG [2019-02-25 21:49:06]  Server:nginx/1.6.1
89   DEBUG [2019-02-25 21:49:06]  Date:Mon, 25 Feb 2019 13:49:07 GMT
89   DEBUG [2019-02-25 21:49:06]  Transfer-Encoding:chunked
89   DEBUG [2019-02-25 21:49:06]  Connection:keep-alive
89   DEBUG [2019-02-25 21:49:06]  Pragma:No-cache
89   DEBUG [2019-02-25 21:49:06]  Cache-Control:no-cache
90   DEBUG [2019-02-25 21:49:06]  Expires:Thu, 01 Jan 1970 00:00:00 GMT
93   WARN  [2019-02-25 21:49:06]  Going to buffer response body of large or unknown size. Using getResponseBodyAsStream instead is recommended.
94   DEBUG [2019-02-25 21:49:06]  {"error":"invalid_grant","error_code":21325,"request":"/oauth2/access_token","error_uri":"/oauth2/access_token","error_description":"invalid authorization code:4527c7a6d677366baa4ec6e61f75d9b1"}

750  DEBUG [2019-02-25 21:49:06]  Request:
751  DEBUG [2019-02-25 21:49:06]  POSThttps://api.weibo.com/oauth2/access_token
831  DEBUG [2019-02-25 21:49:06]  Response:
831  DEBUG [2019-02-25 21:49:06]  https StatusCode:400
831  DEBUG [2019-02-25 21:49:06]  Server:nginx/1.6.1
831  DEBUG [2019-02-25 21:49:06]  Date:Mon, 25 Feb 2019 13:49:08 GMT
831  DEBUG [2019-02-25 21:49:06]  Transfer-Encoding:chunked
831  DEBUG [2019-02-25 21:49:06]  Connection:keep-alive
831  DEBUG [2019-02-25 21:49:06]  Pragma:No-cache
831  DEBUG [2019-02-25 21:49:06]  Cache-Control:no-cache
831  DEBUG [2019-02-25 21:49:06]  Expires:Thu, 01 Jan 1970 00:00:00 GMT
831  WARN  [2019-02-25 21:49:06]  Going to buffer response body of large or unknown size. Using getResponseBodyAsStream instead is recommended.
832  DEBUG [2019-02-25 21:49:06]  {"error":"invalid_grant","error_code":21325,"request":"/oauth2/access_token","error_uri":"/oauth2/access_token","error_description":"invalid authorization code:4527c7a6d677366baa4ec6e61f75d9b1"}

1190 DEBUG [2019-02-25 21:49:07]  Request:
1190 DEBUG [2019-02-25 21:49:07]  POSThttps://api.weibo.com/oauth2/access_token
1215 DEBUG [2019-02-25 21:49:07]  Response:
1215 DEBUG [2019-02-25 21:49:07]  https StatusCode:400
1215 DEBUG [2019-02-25 21:49:07]  Server:nginx/1.6.1
1215 DEBUG [2019-02-25 21:49:07]  Date:Mon, 25 Feb 2019 13:49:08 GMT
1215 DEBUG [2019-02-25 21:49:07]  Transfer-Encoding:chunked
1215 DEBUG [2019-02-25 21:49:07]  Connection:keep-alive
1215 DEBUG [2019-02-25 21:49:07]  Pragma:No-cache
1215 DEBUG [2019-02-25 21:49:07]  Cache-Control:no-cache
1215 DEBUG [2019-02-25 21:49:07]  Expires:Thu, 01 Jan 1970 00:00:00 GMT
1215 WARN  [2019-02-25 21:49:07]  Going to buffer response body of large or unknown size. Using getResponseBodyAsStream instead is recommended.
1216 DEBUG [2019-02-25 21:49:07]  {"error":"invalid_grant","error_code":21325,"request":"/oauth2/access_token","error_uri":"/oauth2/access_token","error_description":"invalid authorization code:4527c7a6d677366baa4ec6e61f75d9b1"}

1550 DEBUG [2019-02-25 21:49:07]  Request:
1550 DEBUG [2019-02-25 21:49:07]  POSThttps://api.weibo.com/oauth2/access_token
1570 DEBUG [2019-02-25 21:49:07]  Response:
1571 DEBUG [2019-02-25 21:49:07]  https StatusCode:400
1571 DEBUG [2019-02-25 21:49:07]  Server:nginx/1.6.1
1571 DEBUG [2019-02-25 21:49:07]  Date:Mon, 25 Feb 2019 13:49:08 GMT
1571 DEBUG [2019-02-25 21:49:07]  Transfer-Encoding:chunked
1571 DEBUG [2019-02-25 21:49:07]  Connection:keep-alive
1571 DEBUG [2019-02-25 21:49:07]  Pragma:No-cache
1571 DEBUG [2019-02-25 21:49:07]  Cache-Control:no-cache
1571 DEBUG [2019-02-25 21:49:07]  Expires:Thu, 01 Jan 1970 00:00:00 GMT
1571 WARN  [2019-02-25 21:49:07]  Going to buffer response body of large or unknown size. Using getResponseBodyAsStream instead is recommended.
1571 DEBUG [2019-02-25 21:49:07]  {"error":"invalid_grant","error_code":21325,"request":"/oauth2/access_token","error_uri":"/oauth2/access_token","error_description":"invalid authorization code:4527c7a6d677366baa4ec6e61f75d9b1"}

13096 DEBUG [2019-02-25 21:49:19]  Request:
13097 DEBUG [2019-02-25 21:49:19]  POSThttps://api.weibo.com/oauth2/access_token
55221 DEBUG [2019-02-25 21:50:01]  Request:
55221 DEBUG [2019-02-25 21:50:01]  POSThttps://api.weibo.com/oauth2/access_token
55345 DEBUG [2019-02-25 21:50:01]  Response:
55345 DEBUG [2019-02-25 21:50:01]  https StatusCode:200
55345 DEBUG [2019-02-25 21:50:01]  Server:nginx/1.6.1
55345 DEBUG [2019-02-25 21:50:01]  Date:Mon, 25 Feb 2019 13:50:02 GMT
55345 DEBUG [2019-02-25 21:50:01]  Content-Type:application/json;charset=UTF-8
55346 DEBUG [2019-02-25 21:50:01]  Content-Length:137
55346 DEBUG [2019-02-25 21:50:01]  Connection:keep-alive
55346 DEBUG [2019-02-25 21:50:01]  Pragma:No-cache
55346 DEBUG [2019-02-25 21:50:01]  Cache-Control:no-cache
55346 DEBUG [2019-02-25 21:50:01]  Expires:Thu, 01 Jan 1970 00:00:00 GMT
55346 DEBUG [2019-02-25 21:50:01]  {"access_token":"2.00eW2yKGOppxkD155f9e33adrJhDjC","remind_in":"157679999","expires_in":157679999,"uid":"5658942780","isRealName":"true"}

55349 DEBUG [2019-02-25 21:50:01]  Request:
55349 DEBUG [2019-02-25 21:50:01]  GET:https://api.weibo.com/2/users/show.json
55352 DEBUG [2019-02-25 21:50:01]  Authorization: OAuth2 5658942780
55352 DEBUG [2019-02-25 21:50:01]  API-RemoteIP: 192.168.1.106
55364 DEBUG [2019-02-25 21:50:01]  Response:
55364 DEBUG [2019-02-25 21:50:01]  https StatusCode:400
55365 DEBUG [2019-02-25 21:50:01]  Server:nginx/1.6.1
55365 DEBUG [2019-02-25 21:50:01]  Date:Mon, 25 Feb 2019 13:50:02 GMT
55365 DEBUG [2019-02-25 21:50:01]  Content-Type:application/json;charset=UTF-8
55365 DEBUG [2019-02-25 21:50:01]  Transfer-Encoding:chunked
55365 DEBUG [2019-02-25 21:50:01]  Connection:keep-alive
55365 DEBUG [2019-02-25 21:50:01]  Vary:Accept-Encoding
55365 WARN  [2019-02-25 21:50:01]  Going to buffer response body of large or unknown size. Using getResponseBodyAsStream instead is recommended.
55365 DEBUG [2019-02-25 21:50:01]  {"error":"source paramter(appkey) is missing","error_code":10006,"request":"/2/users/show.json"}

0    DEBUG [2019-02-26 10:16:34]  Request:
2    DEBUG [2019-02-26 10:16:34]  POSThttps://api.weibo.com/oauth2/access_token
417  DEBUG [2019-02-26 10:16:35]  Response:
417  DEBUG [2019-02-26 10:16:35]  https StatusCode:200
417  DEBUG [2019-02-26 10:16:35]  Server:nginx/1.6.1
418  DEBUG [2019-02-26 10:16:35]  Date:Tue, 26 Feb 2019 02:16:38 GMT
418  DEBUG [2019-02-26 10:16:35]  Content-Type:application/json;charset=UTF-8
418  DEBUG [2019-02-26 10:16:35]  Content-Length:137
418  DEBUG [2019-02-26 10:16:35]  Connection:keep-alive
418  DEBUG [2019-02-26 10:16:35]  Pragma:No-cache
418  DEBUG [2019-02-26 10:16:35]  Cache-Control:no-cache
418  DEBUG [2019-02-26 10:16:35]  Expires:Thu, 01 Jan 1970 00:00:00 GMT
421  DEBUG [2019-02-26 10:16:35]  {"access_token":"2.00eW2yKGOppxkD155f9e33adrJhDjC","remind_in":"157679999","expires_in":157679999,"uid":"5658942780","isRealName":"true"}

426  DEBUG [2019-02-26 10:16:35]  Request:
426  DEBUG [2019-02-26 10:16:35]  GET:https://api.weibo.com/2/users/show.json
428  DEBUG [2019-02-26 10:16:35]  Authorization: OAuth2 5658942780
428  DEBUG [2019-02-26 10:16:35]  API-RemoteIP: 192.168.1.106
453  DEBUG [2019-02-26 10:16:35]  Response:
453  DEBUG [2019-02-26 10:16:35]  https StatusCode:400
453  DEBUG [2019-02-26 10:16:35]  Server:nginx/1.6.1
454  DEBUG [2019-02-26 10:16:35]  Date:Tue, 26 Feb 2019 02:16:38 GMT
454  DEBUG [2019-02-26 10:16:35]  Content-Type:application/json;charset=UTF-8
454  DEBUG [2019-02-26 10:16:35]  Transfer-Encoding:chunked
454  DEBUG [2019-02-26 10:16:35]  Connection:keep-alive
454  DEBUG [2019-02-26 10:16:35]  Vary:Accept-Encoding
454  WARN  [2019-02-26 10:16:35]  Going to buffer response body of large or unknown size. Using getResponseBodyAsStream instead is recommended.
455  DEBUG [2019-02-26 10:16:35]  {"error":"source paramter(appkey) is missing","error_code":10006,"request":"/2/users/show.json"}

0    DEBUG [2019-02-26 10:17:06]  Request:
1    DEBUG [2019-02-26 10:17:06]  POSThttps://api.weibo.com/oauth2/access_token
88   DEBUG [2019-02-26 10:17:06]  Response:
88   DEBUG [2019-02-26 10:17:06]  https StatusCode:400
88   DEBUG [2019-02-26 10:17:06]  Server:nginx/1.6.1
89   DEBUG [2019-02-26 10:17:06]  Date:Tue, 26 Feb 2019 02:17:09 GMT
89   DEBUG [2019-02-26 10:17:06]  Transfer-Encoding:chunked
89   DEBUG [2019-02-26 10:17:06]  Connection:keep-alive
89   DEBUG [2019-02-26 10:17:06]  Pragma:No-cache
89   DEBUG [2019-02-26 10:17:06]  Cache-Control:no-cache
89   DEBUG [2019-02-26 10:17:06]  Expires:Thu, 01 Jan 1970 00:00:00 GMT
91   WARN  [2019-02-26 10:17:06]  Going to buffer response body of large or unknown size. Using getResponseBodyAsStream instead is recommended.
92   DEBUG [2019-02-26 10:17:06]  {"error":"invalid_grant","error_code":21325,"request":"/oauth2/access_token","error_uri":"/oauth2/access_token","error_description":"invalid authorization code:1454333143d69a66532da6210cf442e6"}

228129 DEBUG [2019-02-26 10:20:54]  Request:
228130 DEBUG [2019-02-26 10:20:54]  POSThttps://api.weibo.com/oauth2/access_token
244161 DEBUG [2019-02-26 10:21:10]  Request:
244161 DEBUG [2019-02-26 10:21:10]  POSThttps://api.weibo.com/oauth2/access_token
294668 DEBUG [2019-02-26 10:22:01]  Request:
294668 DEBUG [2019-02-26 10:22:01]  POSThttps://api.weibo.com/oauth2/access_token
297953 DEBUG [2019-02-26 10:22:04]  Request:
297953 DEBUG [2019-02-26 10:22:04]  POSThttps://api.weibo.com/oauth2/access_token
0    DEBUG [2019-02-26 10:30:41]  Request:
3    DEBUG [2019-02-26 10:30:41]  POSThttps://api.weibo.com/oauth2/access_token
440  DEBUG [2019-02-26 10:30:42]  Response:
440  DEBUG [2019-02-26 10:30:42]  https StatusCode:200
440  DEBUG [2019-02-26 10:30:42]  Server:nginx/1.6.1
441  DEBUG [2019-02-26 10:30:42]  Date:Tue, 26 Feb 2019 02:30:45 GMT
441  DEBUG [2019-02-26 10:30:42]  Content-Type:application/json;charset=UTF-8
441  DEBUG [2019-02-26 10:30:42]  Content-Length:137
441  DEBUG [2019-02-26 10:30:42]  Connection:keep-alive
441  DEBUG [2019-02-26 10:30:42]  Pragma:No-cache
441  DEBUG [2019-02-26 10:30:42]  Cache-Control:no-cache
441  DEBUG [2019-02-26 10:30:42]  Expires:Thu, 01 Jan 1970 00:00:00 GMT
447  DEBUG [2019-02-26 10:30:42]  {"access_token":"2.00eW2yKGOppxkD155f9e33adrJhDjC","remind_in":"157679999","expires_in":157679999,"uid":"5658942780","isRealName":"true"}

455  DEBUG [2019-02-26 10:30:42]  Request:
455  DEBUG [2019-02-26 10:30:42]  GET:https://api.weibo.com/2/users/show.json
178767 DEBUG [2019-02-26 10:33:40]  Request:
178768 DEBUG [2019-02-26 10:33:40]  POSThttps://api.weibo.com/oauth2/access_token
178816 DEBUG [2019-02-26 10:33:40]  Response:
178816 DEBUG [2019-02-26 10:33:40]  https StatusCode:400
178816 DEBUG [2019-02-26 10:33:40]  Server:nginx/1.6.1
178816 DEBUG [2019-02-26 10:33:40]  Date:Tue, 26 Feb 2019 02:33:43 GMT
178816 DEBUG [2019-02-26 10:33:40]  Transfer-Encoding:chunked
178816 DEBUG [2019-02-26 10:33:40]  Connection:keep-alive
178817 DEBUG [2019-02-26 10:33:40]  Pragma:No-cache
178817 DEBUG [2019-02-26 10:33:40]  Cache-Control:no-cache
178817 DEBUG [2019-02-26 10:33:40]  Expires:Thu, 01 Jan 1970 00:00:00 GMT
178817 WARN  [2019-02-26 10:33:40]  Going to buffer response body of large or unknown size. Using getResponseBodyAsStream instead is recommended.
178817 DEBUG [2019-02-26 10:33:40]  {"error":"invalid_grant","error_code":21325,"request":"/oauth2/access_token","error_uri":"/oauth2/access_token","error_description":"invalid authorization code:f63adf5d20bbfbd06d7896983ea233ad"}

0    DEBUG [2019-02-26 10:34:15]  Request:
0    DEBUG [2019-02-26 10:34:15]  POSThttps://api.weibo.com/oauth2/access_token
88   DEBUG [2019-02-26 10:34:15]  Response:
88   DEBUG [2019-02-26 10:34:15]  https StatusCode:400
88   DEBUG [2019-02-26 10:34:15]  Server:nginx/1.6.1
88   DEBUG [2019-02-26 10:34:15]  Date:Tue, 26 Feb 2019 02:34:19 GMT
88   DEBUG [2019-02-26 10:34:15]  Transfer-Encoding:chunked
88   DEBUG [2019-02-26 10:34:15]  Connection:keep-alive
89   DEBUG [2019-02-26 10:34:15]  Pragma:No-cache
89   DEBUG [2019-02-26 10:34:15]  Cache-Control:no-cache
89   DEBUG [2019-02-26 10:34:15]  Expires:Thu, 01 Jan 1970 00:00:00 GMT
91   WARN  [2019-02-26 10:34:15]  Going to buffer response body of large or unknown size. Using getResponseBodyAsStream instead is recommended.
91   DEBUG [2019-02-26 10:34:15]  {"error":"invalid_grant","error_code":21325,"request":"/oauth2/access_token","error_uri":"/oauth2/access_token","error_description":"invalid authorization code:f63adf5d20bbfbd06d7896983ea233ad"}

0    DEBUG [2019-02-26 10:34:58]  Request:
1    DEBUG [2019-02-26 10:34:58]  POSThttps://api.weibo.com/oauth2/access_token
105  DEBUG [2019-02-26 10:34:58]  Response:
106  DEBUG [2019-02-26 10:34:58]  https StatusCode:400
106  DEBUG [2019-02-26 10:34:58]  Server:nginx/1.6.1
106  DEBUG [2019-02-26 10:34:58]  Date:Tue, 26 Feb 2019 02:35:02 GMT
106  DEBUG [2019-02-26 10:34:58]  Transfer-Encoding:chunked
106  DEBUG [2019-02-26 10:34:58]  Connection:keep-alive
106  DEBUG [2019-02-26 10:34:58]  Pragma:No-cache
106  DEBUG [2019-02-26 10:34:58]  Cache-Control:no-cache
107  DEBUG [2019-02-26 10:34:58]  Expires:Thu, 01 Jan 1970 00:00:00 GMT
111  WARN  [2019-02-26 10:34:58]  Going to buffer response body of large or unknown size. Using getResponseBodyAsStream instead is recommended.
112  DEBUG [2019-02-26 10:34:58]  {"error":"invalid_grant","error_code":21325,"request":"/oauth2/access_token","error_uri":"/oauth2/access_token","error_description":"invalid authorization code:f63adf5d20bbfbd06d7896983ea233ad"}

108655 DEBUG [2019-02-26 10:36:47]  Request:
108656 DEBUG [2019-02-26 10:36:47]  POSThttps://api.weibo.com/oauth2/access_token
108762 DEBUG [2019-02-26 10:36:47]  Response:
108762 DEBUG [2019-02-26 10:36:47]  https StatusCode:200
108763 DEBUG [2019-02-26 10:36:47]  Server:nginx/1.6.1
108763 DEBUG [2019-02-26 10:36:47]  Date:Tue, 26 Feb 2019 02:36:50 GMT
108763 DEBUG [2019-02-26 10:36:47]  Content-Type:application/json;charset=UTF-8
108763 DEBUG [2019-02-26 10:36:47]  Content-Length:137
108763 DEBUG [2019-02-26 10:36:47]  Connection:keep-alive
108763 DEBUG [2019-02-26 10:36:47]  Pragma:No-cache
108763 DEBUG [2019-02-26 10:36:47]  Cache-Control:no-cache
108763 DEBUG [2019-02-26 10:36:47]  Expires:Thu, 01 Jan 1970 00:00:00 GMT
108763 DEBUG [2019-02-26 10:36:47]  {"access_token":"2.00eW2yKGOppxkD155f9e33adrJhDjC","remind_in":"157679999","expires_in":157679999,"uid":"5658942780","isRealName":"true"}

108765 DEBUG [2019-02-26 10:36:47]  Request:
108765 DEBUG [2019-02-26 10:36:47]  GET:https://api.weibo.com/2/users/show.json
0    DEBUG [2019-02-26 10:37:17]  Request:
1    DEBUG [2019-02-26 10:37:17]  POSThttps://api.weibo.com/oauth2/access_token
109  DEBUG [2019-02-26 10:37:18]  Response:
109  DEBUG [2019-02-26 10:37:18]  https StatusCode:400
109  DEBUG [2019-02-26 10:37:18]  Server:nginx/1.6.1
109  DEBUG [2019-02-26 10:37:18]  Date:Tue, 26 Feb 2019 02:37:21 GMT
110  DEBUG [2019-02-26 10:37:18]  Transfer-Encoding:chunked
110  DEBUG [2019-02-26 10:37:18]  Connection:keep-alive
110  DEBUG [2019-02-26 10:37:18]  Pragma:No-cache
110  DEBUG [2019-02-26 10:37:18]  Cache-Control:no-cache
110  DEBUG [2019-02-26 10:37:18]  Expires:Thu, 01 Jan 1970 00:00:00 GMT
113  WARN  [2019-02-26 10:37:18]  Going to buffer response body of large or unknown size. Using getResponseBodyAsStream instead is recommended.
114  DEBUG [2019-02-26 10:37:18]  {"error":"invalid_grant","error_code":21325,"request":"/oauth2/access_token","error_uri":"/oauth2/access_token","error_description":"invalid authorization code:afb07a602ee97712335cff65be6df2df"}

388429 DEBUG [2019-02-26 10:43:46]  Request:
388431 DEBUG [2019-02-26 10:43:46]  POSThttps://api.weibo.com/oauth2/access_token
0    DEBUG [2019-02-26 16:41:43]  Request:
2    DEBUG [2019-02-26 16:41:43]  POSThttps://api.weibo.com/oauth2/access_token
425  DEBUG [2019-02-26 16:41:44]  Response:
425  DEBUG [2019-02-26 16:41:44]  https StatusCode:200
425  DEBUG [2019-02-26 16:41:44]  Server:nginx/1.6.1
425  DEBUG [2019-02-26 16:41:44]  Date:Tue, 26 Feb 2019 08:41:48 GMT
425  DEBUG [2019-02-26 16:41:44]  Content-Type:application/json;charset=UTF-8
425  DEBUG [2019-02-26 16:41:44]  Content-Length:137
425  DEBUG [2019-02-26 16:41:44]  Connection:keep-alive
425  DEBUG [2019-02-26 16:41:44]  Pragma:No-cache
425  DEBUG [2019-02-26 16:41:44]  Cache-Control:no-cache
425  DEBUG [2019-02-26 16:41:44]  Expires:Thu, 01 Jan 1970 00:00:00 GMT
429  DEBUG [2019-02-26 16:41:44]  {"access_token":"2.00eW2yKGOppxkD155f9e33adrJhDjC","remind_in":"157679999","expires_in":157679999,"uid":"5658942780","isRealName":"true"}

433  DEBUG [2019-02-26 16:41:44]  Request:
433  DEBUG [2019-02-26 16:41:44]  GET:https://api.weibo.com/2/users/show.json
0    DEBUG [2019-02-26 16:45:09]  Request:
0    DEBUG [2019-02-26 16:45:09]  POSThttps://api.weibo.com/oauth2/access_token
87   DEBUG [2019-02-26 16:45:09]  Response:
87   DEBUG [2019-02-26 16:45:09]  https StatusCode:400
88   DEBUG [2019-02-26 16:45:09]  Server:nginx/1.6.1
88   DEBUG [2019-02-26 16:45:09]  Date:Tue, 26 Feb 2019 08:45:13 GMT
88   DEBUG [2019-02-26 16:45:09]  Transfer-Encoding:chunked
88   DEBUG [2019-02-26 16:45:09]  Connection:keep-alive
88   DEBUG [2019-02-26 16:45:09]  Pragma:No-cache
88   DEBUG [2019-02-26 16:45:09]  Cache-Control:no-cache
88   DEBUG [2019-02-26 16:45:09]  Expires:Thu, 01 Jan 1970 00:00:00 GMT
90   WARN  [2019-02-26 16:45:09]  Going to buffer response body of large or unknown size. Using getResponseBodyAsStream instead is recommended.
90   DEBUG [2019-02-26 16:45:09]  {"error":"invalid_grant","error_code":21325,"request":"/oauth2/access_token","error_uri":"/oauth2/access_token","error_description":"invalid authorization code:2982458f8cf51e7a56fc0cc45c9de1e1"}

0    DEBUG [2019-02-26 17:04:58]  Request:
1    DEBUG [2019-02-26 17:04:58]  POSThttps://api.weibo.com/oauth2/access_token
136  DEBUG [2019-02-26 17:04:58]  Response:
136  DEBUG [2019-02-26 17:04:58]  https StatusCode:200
136  DEBUG [2019-02-26 17:04:58]  Server:nginx/1.6.1
137  DEBUG [2019-02-26 17:04:58]  Date:Tue, 26 Feb 2019 09:05:02 GMT
137  DEBUG [2019-02-26 17:04:58]  Content-Type:application/json;charset=UTF-8
137  DEBUG [2019-02-26 17:04:58]  Content-Length:137
137  DEBUG [2019-02-26 17:04:58]  Connection:keep-alive
137  DEBUG [2019-02-26 17:04:58]  Pragma:No-cache
137  DEBUG [2019-02-26 17:04:58]  Cache-Control:no-cache
137  DEBUG [2019-02-26 17:04:58]  Expires:Thu, 01 Jan 1970 00:00:00 GMT
141  DEBUG [2019-02-26 17:04:58]  {"access_token":"2.00eW2yKGOppxkD155f9e33adrJhDjC","remind_in":"157679999","expires_in":157679999,"uid":"5658942780","isRealName":"true"}

145  DEBUG [2019-02-26 17:04:58]  Request:
146  DEBUG [2019-02-26 17:04:58]  GET:https://api.weibo.com/2/account/get_uid.json
493151 DEBUG [2019-02-26 17:13:11]  Request:
493152 DEBUG [2019-02-26 17:13:11]  POSThttps://api.weibo.com/oauth2/access_token
493200 DEBUG [2019-02-26 17:13:11]  Response:
493200 DEBUG [2019-02-26 17:13:11]  https StatusCode:400
493200 DEBUG [2019-02-26 17:13:11]  Server:nginx/1.6.1
493201 DEBUG [2019-02-26 17:13:11]  Date:Tue, 26 Feb 2019 09:13:15 GMT
493201 DEBUG [2019-02-26 17:13:11]  Transfer-Encoding:chunked
493201 DEBUG [2019-02-26 17:13:11]  Connection:keep-alive
493201 DEBUG [2019-02-26 17:13:11]  Pragma:No-cache
493201 DEBUG [2019-02-26 17:13:11]  Cache-Control:no-cache
493201 DEBUG [2019-02-26 17:13:11]  Expires:Thu, 01 Jan 1970 00:00:00 GMT
493201 WARN  [2019-02-26 17:13:11]  Going to buffer response body of large or unknown size. Using getResponseBodyAsStream instead is recommended.
493201 DEBUG [2019-02-26 17:13:11]  {"error":"invalid_grant","error_code":21325,"request":"/oauth2/access_token","error_uri":"/oauth2/access_token","error_description":"invalid authorization code:cf835083a6664d45bce6d8d1e49bb06b"}

